<?xml version="1.0" encoding="UTF-8"?>
<!-- Generated by org.testng.reporters.JUnitReportReporter -->
<testsuite hostname="DESKTOP-1SAS5MA" failures="0" tests="1" name="com.spiritzone.AutomationDriverScript" time="106.389" errors="0" timestamp="21 Sep 2020 10:08:16 GMT" skipped="0">
  <testcase classname="com.spiritzone.AutomationDriverScript" name="scriptExecutioner" time="106.389"/>
</testsuite> <!-- com.spiritzone.AutomationDriverScript -->
