<?xml version="1.0" encoding="UTF-8"?>
<!-- Generated by org.testng.reporters.JUnitReportReporter -->
<testsuite hostname="DESKTOP-1SAS5MA" failures="0" tests="1" name="com.spiritzone.AutomationDriverScript" time="120.182" errors="0" timestamp="21 Sep 2020 09:32:01 GMT" skipped="0">
  <testcase classname="com.spiritzone.AutomationDriverScript" name="scriptExecutioner" time="120.182"/>
</testsuite> <!-- com.spiritzone.AutomationDriverScript -->
